C51 COMPILER V9.56.0.0   BSP_DS1302                                                        05/15/2022 22:27:15 PAGE 1   


C51 COMPILER V9.56.0.0, COMPILATION OF MODULE BSP_DS1302
OBJECT MODULE PLACED IN .\Objects\bsp_ds1302.obj
COMPILER INVOKED BY: D:\Keil_C51\C51\BIN\C51.EXE ..\Driver\bsp_ds1302.c OPTIMIZE(8,SPEED) BROWSE INCDIR(..\Driver;..\Sys
                    -) DEBUG OBJECTEXTEND PRINT(.\Listings\bsp_ds1302.lst) OBJECT(.\Objects\bsp_ds1302.obj)

line level    source

   1          /*
   2            程序说明: DS1302驱动程序
   3            软件环境: Keil uVision 4.10 
   4            硬件环境: CT107单片机综合实训平台 8051，12MHz
   5            日    期: 2011-8-9
   6          */
   7          
   8          
   9          #include "bsp_ds1302.h"
  10                                                                                                          
  11          
  12          void Write_Ds1302(unsigned  char temp) 
  13          {
  14   1              unsigned char i;
  15   1              for (i=0;i<8;i++)       
  16   1              { 
  17   2                      SCK=0;
  18   2                      SDA=temp&0x01;
  19   2                      temp>>=1; 
  20   2                      SCK=1;
  21   2              }
  22   1      }   
  23          
  24          void Write_Ds1302_Byte( unsigned char address,unsigned char dat )     
  25          {
  26   1              RST=0;  _nop_();
  27   1              SCK=0;  _nop_();
  28   1              RST=1;  _nop_();  
  29   1              Write_Ds1302(address);  
  30   1              Write_Ds1302(dat);              
  31   1              RST=0; 
  32   1      }
  33          
  34          unsigned char Read_Ds1302_Byte ( unsigned char address )
  35          {
  36   1              unsigned char i,temp=0x00;
  37   1              RST=0;  _nop_();
  38   1              SCK=0;  _nop_();
  39   1              RST=1;  _nop_();
  40   1              Write_Ds1302(address);
  41   1              for (i=0;i<8;i++)       
  42   1              {               
  43   2                      SCK=0;
  44   2                      temp>>=1;       
  45   2                      if(SDA)
  46   2                      temp|=0x80;     
  47   2                      SCK=1;
  48   2              } 
  49   1              RST=0;  _nop_();
  50   1              SCK=0;  _nop_();
  51   1              SCK=1;  _nop_();
  52   1              SDA=0;  _nop_();
  53   1              SDA=1;  _nop_();
  54   1              return (temp);                  
C51 COMPILER V9.56.0.0   BSP_DS1302                                                        05/15/2022 22:27:15 PAGE 2   

  55   1      }
  56          
  57          
  58          void Set_Rtc(unsigned char* ucRtc)
  59          {
  60   1              unsigned char temp;
  61   1              Write_Ds1302_Byte( 0x8e,0 );
  62   1              
  63   1              temp = (((ucRtc[0]/10) <<4) | (ucRtc[0]%10));
  64   1              Write_Ds1302_Byte( 0x84,temp );
  65   1              temp = (((ucRtc[1]/10) <<4) | (ucRtc[1]%10));   
  66   1              Write_Ds1302_Byte( 0x82,temp );
  67   1              temp = (((ucRtc[2]/10) <<4) | (ucRtc[2]%10));   
  68   1              Write_Ds1302_Byte( 0x80,temp );
  69   1              
  70   1              Write_Ds1302_Byte( 0x8e,0x80 );
  71   1      
  72   1      }
  73          
  74          
  75          void Read_Rtc(unsigned char* ucRtc)
  76          {
  77   1              unsigned char temp;
  78   1              
  79   1              temp = Read_Ds1302_Byte (0x85);
  80   1              ucRtc[0] = (((temp>>4)*10)+(temp & 0x0f));
  81   1              temp = Read_Ds1302_Byte (0x83);
  82   1              ucRtc[1] = (((temp>>4)*10)+(temp & 0x0f));
  83   1              temp = Read_Ds1302_Byte (0x81);
  84   1              ucRtc[2] = (((temp>>4)*10)+(temp & 0x0f));
  85   1      }


MODULE INFORMATION:   STATIC OVERLAYABLE
   CODE SIZE        =    250    ----
   CONSTANT SIZE    =   ----    ----
   XDATA SIZE       =   ----    ----
   PDATA SIZE       =   ----    ----
   DATA SIZE        =   ----    ----
   IDATA SIZE       =   ----    ----
   BIT SIZE         =   ----    ----
END OF MODULE INFORMATION.


C51 COMPILATION COMPLETE.  0 WARNING(S),  0 ERROR(S)
