C51 COMPILER V9.56.0.0   MAIN                                                              05/15/2022 22:27:15 PAGE 1   


C51 COMPILER V9.56.0.0, COMPILATION OF MODULE MAIN
OBJECT MODULE PLACED IN .\Objects\main.obj
COMPILER INVOKED BY: D:\Keil_C51\C51\BIN\C51.EXE main.c OPTIMIZE(8,SPEED) BROWSE INCDIR(..\Driver;..\Sys) DEBUG OBJECTEX
                    -TEND PRINT(.\Listings\main.lst) OBJECT(.\Objects\main.obj)

line level    source

   1          /********************************************电冰箱停电保护程序*******************************************
             -*******/
   2          /*
   3          版本：          电冰箱停电保护程序 1.0
   4          作者：          IambigSheep
   5          平台：          STC89C52
   6          晶振频率：      11.0592MHZ
   7          编写软件：      Keil 5
   8          烧写软件：      STC-ISP
   9          日期：          2022年5月15日
  10          */
  11          //注意：本程序需烧写两次，第一次烧写时向DS1302写入你想输入的时间（解除第23行的注释），第二次烧写时注释掉第
             -23行。
  12          /*********************************************************************************************************
             -******/
  13          #include "main.h"
  14          
  15          
  16          //DS1302专用
  17          unsigned char ucRtc[3] ={0,0,0};                //数组分别存放 时 分 秒
  18          
  19          ///用户自定义区 
  20          sbit RELAY = P0^7;              //继电器                        //1闭合 0断开
  21          bit time_flag;                  //时间标志位
  22          void main()
  23          {
  24   1              Set_Rtc(ucRtc);         //向DS1302写入时间              第一次烧写时使用
  25   1              UartInit();                     //串口初始化
  26   1              
  27   1              while(1)
  28   1              {
  29   2                      Read_Rtc(ucRtc);                //读取时间              第一次烧写程序时添加
  30   2      //              测试用          
  31   2                      if((ucRtc[0] == 0) && (ucRtc[1] == 0)) time_flag = 1;           //0点0分继电器闭合
  32   2                      if((ucRtc[0] == 0) && (ucRtc[1] == 1))  time_flag =0;           //0点3分继电器断开
  33   2                      if((ucRtc[0] == 0) && (ucRtc[1] == 2)) time_flag =1;            //12点0分继电器闭合
  34   2                      if((ucRtc[0] == 0) && (ucRtc[1] == 3))  time_flag =0;           //12点3分继电器断开
  35   2                      
  36   2      ////            实际使用                
  37   2      //              if((ucRtc[0] == 0) && (ucRtc[1] == 0)) time_flag = 1;           //0点0分继电器闭合
  38   2      //              if((ucRtc[0] == 0) && (ucRtc[1] == 3))  time_flag =0;           //0点3分继电器断开
  39   2      //              if((ucRtc[0] == 12) && (ucRtc[1] == 0)) time_flag =1;           //12点0分继电器闭合
  40   2      //              if((ucRtc[0] == 12) && (ucRtc[1] == 3)) time_flag =0;           //12点3分继电器断开
  41   2                      
  42   2                      if(time_flag) RELAY = 1;                //继电器闭合
  43   2                      else if(!time_flag) RELAY = 0;          //继电器断开
  44   2                      
  45   2      //      串口调试使用
  46   2                      SendData(ucRtc[0]);                     
  47   2                      SendData(ucRtc[1]);
  48   2                      SendData(ucRtc[2]);
  49   2                      Delay1ms(1000);
  50   2              }
  51   1      }
C51 COMPILER V9.56.0.0   MAIN                                                              05/15/2022 22:27:15 PAGE 2   



MODULE INFORMATION:   STATIC OVERLAYABLE
   CODE SIZE        =    100    ----
   CONSTANT SIZE    =   ----    ----
   XDATA SIZE       =   ----    ----
   PDATA SIZE       =   ----    ----
   DATA SIZE        =      3    ----
   IDATA SIZE       =   ----    ----
   BIT SIZE         =      1    ----
END OF MODULE INFORMATION.


C51 COMPILATION COMPLETE.  0 WARNING(S),  0 ERROR(S)
