C51 COMPILER V9.56.0.0   USART                                                             05/15/2022 22:27:15 PAGE 1   


C51 COMPILER V9.56.0.0, COMPILATION OF MODULE USART
OBJECT MODULE PLACED IN .\Objects\usart.obj
COMPILER INVOKED BY: D:\Keil_C51\C51\BIN\C51.EXE ..\Driver\usart.c OPTIMIZE(8,SPEED) BROWSE INCDIR(..\Driver;..\Sys) DEB
                    -UG OBJECTEXTEND PRINT(.\Listings\usart.lst) OBJECT(.\Objects\usart.obj)

line level    source

   1          #include "usart.h"
   2          
   3          bit busy;
   4          void UartInit(void)             //9600bps@11.0592MHz
   5          {
   6   1              PCON &= 0x7F;           //波特率不倍速
   7   1              SCON = 0x50;            //8位数据,可变波特率
   8   1              AUXR &= 0xBF;           //定时器时钟12T模式
   9   1              AUXR &= 0xFE;           //串口1选择定时器1为波特率发生器
  10   1              TMOD &= 0x0F;           //设置定时器模式
  11   1              TMOD |= 0x20;           //设置定时器模式
  12   1              TL1 = 0xFD;             //设置定时初始值
  13   1              TH1 = 0xFD;             //设置定时重载值
  14   1              ET1 = 0;                //禁止定时器%d中断
  15   1              TR1 = 1;                //定时器1开始计时
  16   1      //      TI = 1;                         //如果要使用printf函数必须添加此句
  17   1      }
  18          
  19          
  20          /*----------------------------
  21          发送串口数据
  22          ----------------------------*/
  23          void SendData(unsigned char dat)
  24          {
  25   1          while (busy);               //等待前面的数据发送完成
  26   1          ACC = dat;                  //获取校验位P (PSW.0)  
  27   1          busy = 1;
  28   1          SBUF = ACC;                 //写数据到UART数据寄存器
  29   1         while(!TI);
  30   1              TI=0;
  31   1                 busy = 0;
  32   1      }
  33          //void  SendData(unsigned char dat)
  34          //{
  35          //    SBUF=dat;  
  36          //      while(!TI);TI=0;          
  37          //}
  38          /*----------------------------
  39          发送字符串
  40          ----------------------------*/
  41          void SendString(char *s)
  42          {
  43   1          while (*s)                  //检测字符串结束标志
  44   1          {
  45   2              SendData(*s++);         //发送当前字符
  46   2          }
  47   1      }
  48          


MODULE INFORMATION:   STATIC OVERLAYABLE
   CODE SIZE        =     82    ----
   CONSTANT SIZE    =   ----    ----
   XDATA SIZE       =   ----    ----
C51 COMPILER V9.56.0.0   USART                                                             05/15/2022 22:27:15 PAGE 2   

   PDATA SIZE       =   ----    ----
   DATA SIZE        =   ----       3
   IDATA SIZE       =   ----    ----
   BIT SIZE         =      1    ----
END OF MODULE INFORMATION.


C51 COMPILATION COMPLETE.  0 WARNING(S),  0 ERROR(S)
